<?xml version="1.0" encoding="UTF-8"?>
<testsuite xmlns:xsi="http://www.w3.org/2001/XMLSchema-instance" xsi:noNamespaceSchemaLocation="https://maven.apache.org/surefire/maven-surefire-plugin/xsd/surefire-test-report-3.0.xsd" version="3.0" name="org.acme.LogOutputTest" time="4.678" tests="1" errors="0" skipped="0" failures="0">
  <properties>
[...]
</properties>
  <testcase name="testLogEndpoint" classname="org.acme.LogOutputTest" time="1.366">
    <system-out><![CDATA[2023-02-15 17:16:26,107 INFO  [io.qua.kub.cli.dep.DevServicesKubernetesProcessor] (build-4) Not starting dev services for Kubernetes, the kubernetes client is auto-configured. Set quarkus.kubernetes-client.devservices.override-kubeconfig to true to use dev services for Kubernetes.
2023-02-15 17:16:26,838 INFO  [io.quarkus] (main) quarkus-app 1.0.0-SNAPSHOT on JVM (powered by Quarkus 2.15.3.Final) started in 2.609s. Listening on: http://localhost:8081
2023-02-15 17:16:26,839 INFO  [io.quarkus] (main) Profile test activated. 
2023-02-15 17:16:26,840 INFO  [io.quarkus] (main) Installed features: [cdi, kubernetes, resteasy-reactive, smallrye-context-propagation, vertx]
2023-02-15 17:16:28,105 INFO  [org.acm.LogOutput] (executor-thread-0) 001 - Test
]]></system-out>
  </testcase>
</testsuite>